<?xml version="1.0" encoding="UTF-8"?>
<!-- Generated by org.testng.reporters.JUnitReportReporter -->
<testsuite hostname="Sauravs-MacBook-Pro.local" failures="0" tests="1" name="testNGPage.ValidateDuplicateCategory" time="0.005" errors="0" timestamp="2021-08-17T09:55:34 CDT" skipped="0">
  <testcase classname="testNGPage.ValidateDuplicateCategory" name="validateDuplicateCategoryOption" time="0.005"/>
  <system-out/>
</testsuite> <!-- testNGPage.ValidateDuplicateCategory -->
